<?xml version="1.0" encoding="UTF-8"?>
<testsuite name="As a user, I need to delete a customer in the store's customer service" tests="2" skipped="0" failures="0" errors="0" timestamp="2024-11-08T16:52:05" hostname="LAPTOP-NDELRLE7" time="6.917">
  <properties/>
  <testcase name="delete an existing customer successfully" classname="As a user, I need to delete a customer in the store's customer service" time="6.106"/>
  <testcase name="Attempt to delete a non-existing customer" classname="As a user, I need to delete a customer in the store's customer service" time="0.811"/>
  <system-out><![CDATA[]]></system-out>
  <system-err><![CDATA[[Test worker] INFO  - 
  _____   ___   ___   _____     ___   _____     _     ___   _____   ___   ___  
 |_   _| | __| / __| |_   _|   / __| |_   _|   /_\   | _ \ |_   _| | __| |   \ 
   | |   | _|  \__ \   | |     \__ \   | |    / _ \  |   /   | |   | _|  | |) |
   |_|   |___| |___/   |_|     |___/   |_|   /_/ \_\ |_|_\   |_|   |___| |___/ 

delete an existing customer successfully(as-a-user--i-need-to-delete-a-customer-in-the-store-s-customer-service;delete-an-existing-customer-successfully)
--------------------------------------------------------------------------------
[Test worker] INFO  - 
  _____   ___   ___   _____     ___     _     ___   ___   ___   ___  
 |_   _| | __| / __| |_   _|   | _ \   /_\   / __| / __| | __| |   \ 
   | |   | _|  \__ \   | |     |  _/  / _ \  \__ \ \__ \ | _|  | |) |
   |_|   |___| |___/   |_|     |_|   /_/ \_\ |___/ |___/ |___| |___/ 

delete an existing customer successfully
----------------------------------------------------------------------
[Test worker] INFO  - 
  _____   ___   ___   _____     ___   _____     _     ___   _____   ___   ___  
 |_   _| | __| / __| |_   _|   / __| |_   _|   /_\   | _ \ |_   _| | __| |   \ 
   | |   | _|  \__ \   | |     \__ \   | |    / _ \  |   /   | |   | _|  | |) |
   |_|   |___| |___/   |_|     |___/   |_|   /_/ \_\ |_|_\   |_|   |___| |___/ 

Attempt to delete a non-existing customer(as-a-user--i-need-to-delete-a-customer-in-the-store-s-customer-service;attempt-to-delete-a-non-existing-customer)
--------------------------------------------------------------------------------
[Test worker] INFO  - 
  _____   ___   ___   _____     ___     _     ___   ___   ___   ___  
 |_   _| | __| / __| |_   _|   | _ \   /_\   / __| / __| | __| |   \ 
   | |   | _|  \__ \   | |     |  _/  / _ \  \__ \ \__ \ | _|  | |) |
   |_|   |___| |___/   |_|     |_|   /_/ \_\ |___/ |___/ |___| |___/ 

Attempt to delete a non-existing customer
----------------------------------------------------------------------
]]></system-err>
</testsuite>
