<?xml version="1.0" encoding="UTF-8"?>
<testsuite name="As a user, I need to delete a customer in the store's customer service" tests="1" skipped="0" failures="0" errors="0" timestamp="2024-11-06T08:18:31" hostname="LAPTOP-NDELRLE7" time="3.178">
  <properties/>
  <testcase name="delete an existing customer successfully" classname="As a user, I need to delete a customer in the store's customer service" time="3.178"/>
  <system-out><![CDATA[]]></system-out>
  <system-err><![CDATA[[Test worker] INFO  - 
  _____   ___   ___   _____     ___   _____     _     ___   _____   ___   ___  
 |_   _| | __| / __| |_   _|   / __| |_   _|   /_\   | _ \ |_   _| | __| |   \ 
   | |   | _|  \__ \   | |     \__ \   | |    / _ \  |   /   | |   | _|  | |) |
   |_|   |___| |___/   |_|     |___/   |_|   /_/ \_\ |_|_\   |_|   |___| |___/ 

delete an existing customer successfully(as-a-user--i-need-to-delete-a-customer-in-the-store-s-customer-service;delete-an-existing-customer-successfully)
--------------------------------------------------------------------------------
[Test worker] INFO  - 
  _____   ___   ___   _____     ___     _     ___   ___   ___   ___  
 |_   _| | __| / __| |_   _|   | _ \   /_\   / __| / __| | __| |   \ 
   | |   | _|  \__ \   | |     |  _/  / _ \  \__ \ \__ \ | _|  | |) |
   |_|   |___| |___/   |_|     |_|   /_/ \_\ |___/ |___/ |___| |___/ 

delete an existing customer successfully
----------------------------------------------------------------------
]]></system-err>
</testsuite>
