<?xml version="1.0" encoding="UTF-8"?>
<testsuite name="co.com.udea.certificacion.busquedavuelosa.runners.GetCustomersRunner" tests="0" skipped="0" failures="0" errors="0" timestamp="1970-01-01T00:00:00" hostname="LAPTOP-NDELRLE7" time="0.0">
  <properties/>
  <system-out><![CDATA[]]></system-out>
  <system-err><![CDATA[[Test worker] INFO  - Test Suite Started: As a customer, I need to get the information of the store's customers
[Test worker] INFO  - Test Suite Started: As a customer, I need to get the information of the store's customers
]]></system-err>
</testsuite>
