<?xml version="1.0" encoding="UTF-8"?>
<testsuite name="As a customer, I need to get the information of the store's customers" tests="1" skipped="0" failures="0" errors="0" timestamp="2024-11-08T01:41:40" hostname="LAPTOP-NDELRLE7" time="4.802">
  <properties/>
  <testcase name="get information about the store" classname="As a customer, I need to get the information of the store's customers" time="4.802"/>
  <system-out><![CDATA[]]></system-out>
  <system-err><![CDATA[[Test worker] INFO  - 
  _____   ___   ___   _____     ___   _____     _     ___   _____   ___   ___  
 |_   _| | __| / __| |_   _|   / __| |_   _|   /_\   | _ \ |_   _| | __| |   \ 
   | |   | _|  \__ \   | |     \__ \   | |    / _ \  |   /   | |   | _|  | |) |
   |_|   |___| |___/   |_|     |___/   |_|   /_/ \_\ |_|_\   |_|   |___| |___/ 

get information about the store(as-a-customer--i-need-to-get-the-information-of-the-store-s-customers;get-information-about-the-store)
--------------------------------------------------------------------------------
[Test worker] INFO  - 
  _____   ___   ___   _____     ___     _     ___   ___   ___   ___  
 |_   _| | __| / __| |_   _|   | _ \   /_\   / __| / __| | __| |   \ 
   | |   | _|  \__ \   | |     |  _/  / _ \  \__ \ \__ \ | _|  | |) |
   |_|   |___| |___/   |_|     |_|   /_/ \_\ |___/ |___/ |___| |___/ 

get information about the store
----------------------------------------------------------------------
]]></system-err>
</testsuite>
